<?xml version="1.0" encoding="UTF-8"?>
<!-- Generated by org.testng.reporters.JUnitReportReporter -->
<testsuite skipped="0" hostname="Dell" name="com.Maven.MavenTest1" tests="1" failures="0" timestamp="02 Dec 2018 18:42:08 GMT" time="12.649" errors="0">
  <testcase name="testz" time="12.649" classname="com.Maven.MavenTest1"/>
</testsuite> <!-- com.Maven.MavenTest1 -->
