<?xml version="1.0" encoding="UTF-8"?>
<!-- Generated by org.testng.reporters.JUnitReportReporter -->
<testsuite hostname="Dell" failures="0" tests="1" name="com.Maven.MavenTest" time="0.000" errors="0" timestamp="07 Dec 2018 00:24:54 GMT" skipped="0">
  <testcase classname="com.Maven.MavenTest" name="hello" time="0.000"/>
</testsuite> <!-- com.Maven.MavenTest -->
